[2025-08-14 06:37:40] local.ERROR: The /home/runner/work/Clone-Project-Review/Clone-Project-Review/bootstrap/cache directory must be present and writable. {"exception":"[object] (Exception(code: 0): The /home/runner/work/Clone-Project-Review/Clone-Project-Review/bootstrap/cache directory must be present and writable. at /home/runner/work/Clone-Project-Review/Clone-Project-Review/vendor/laravel/framework/src/Illuminate/Foundation/PackageManifest.php:179)
[stacktrace]
#0 /home/runner/work/Clone-Project-Review/Clone-Project-Review/vendor/laravel/framework/src/Illuminate/Foundation/PackageManifest.php(132): Illuminate\\Foundation\\PackageManifest->write()
#1 /home/runner/work/Clone-Project-Review/Clone-Project-Review/vendor/laravel/framework/src/Illuminate/Foundation/PackageManifest.php(108): Illuminate\\Foundation\\PackageManifest->build()
#2 /home/runner/work/Clone-Project-Review/Clone-Project-Review/vendor/laravel/framework/src/Illuminate/Foundation/PackageManifest.php(91): Illuminate\\Foundation\\PackageManifest->getManifest()
#3 /home/runner/work/Clone-Project-Review/Clone-Project-Review/vendor/laravel/framework/src/Illuminate/Foundation/PackageManifest.php(80): Illuminate\\Foundation\\PackageManifest->config()
#4 /home/runner/work/Clone-Project-Review/Clone-Project-Review/vendor/laravel/framework/src/Illuminate/Foundation/Bootstrap/RegisterFacades.php(26): Illuminate\\Foundation\\PackageManifest->aliases()
#5 /home/runner/work/Clone-Project-Review/Clone-Project-Review/vendor/laravel/framework/src/Illuminate/Foundation/Application.php(342): Illuminate\\Foundation\\Bootstrap\\RegisterFacades->bootstrap()
#6 /home/runner/work/Clone-Project-Review/Clone-Project-Review/vendor/laravel/framework/src/Illuminate/Foundation/Console/Kernel.php(474): Illuminate\\Foundation\\Application->bootstrapWith()
#7 /home/runner/work/Clone-Project-Review/Clone-Project-Review/vendor/laravel/framework/src/Illuminate/Foundation/Console/Kernel.php(196): Illuminate\\Foundation\\Console\\Kernel->bootstrap()
#8 /home/runner/work/Clone-Project-Review/Clone-Project-Review/vendor/laravel/framework/src/Illuminate/Foundation/Application.php(1235): Illuminate\\Foundation\\Console\\Kernel->handle()
#9 /home/runner/work/Clone-Project-Review/Clone-Project-Review/artisan(13): Illuminate\\Foundation\\Application->handleCommand()
#10 {main}
"} 
[2025-08-14 06:39:50] local.ERROR: SQLSTATE[HY000]: General error: 1 table "notifications" already exists (Connection: sqlite, SQL: create table "notifications" ("id" integer primary key autoincrement not null, "user_id" integer not null, "message" varchar not null, "is_read" tinyint(1) not null default '0', "created_at" datetime, "updated_at" datetime, foreign key("user_id") references "users"("id") on delete cascade)) {"exception":"[object] (Illuminate\\Database\\QueryException(code: HY000): SQLSTATE[HY000]: General error: 1 table \"notifications\" already exists (Connection: sqlite, SQL: create table \"notifications\" (\"id\" integer primary key autoincrement not null, \"user_id\" integer not null, \"message\" varchar not null, \"is_read\" tinyint(1) not null default '0', \"created_at\" datetime, \"updated_at\" datetime, foreign key(\"user_id\") references \"users\"(\"id\") on delete cascade)) at /home/runner/work/Clone-Project-Review/Clone-Project-Review/vendor/laravel/framework/src/Illuminate/Database/Connection.php:825)
[stacktrace]
#0 /home/runner/work/Clone-Project-Review/Clone-Project-Review/vendor/laravel/framework/src/Illuminate/Database/Connection.php(779): Illuminate\\Database\\Connection->runQueryCallback()
#1 /home/runner/work/Clone-Project-Review/Clone-Project-Review/vendor/laravel/framework/src/Illuminate/Database/Connection.php(560): Illuminate\\Database\\Connection->run()
#2 /home/runner/work/Clone-Project-Review/Clone-Project-Review/vendor/laravel/framework/src/Illuminate/Database/Schema/Blueprint.php(118): Illuminate\\Database\\Connection->statement()
#3 /home/runner/work/Clone-Project-Review/Clone-Project-Review/vendor/laravel/framework/src/Illuminate/Database/Schema/Builder.php(564): Illuminate\\Database\\Schema\\Blueprint->build()
#4 /home/runner/work/Clone-Project-Review/Clone-Project-Review/vendor/laravel/framework/src/Illuminate/Database/Schema/Builder.php(418): Illuminate\\Database\\Schema\\Builder->build()
#5 /home/runner/work/Clone-Project-Review/Clone-Project-Review/vendor/laravel/framework/src/Illuminate/Support/Facades/Facade.php(361): Illuminate\\Database\\Schema\\Builder->create()
#6 /home/runner/work/Clone-Project-Review/Clone-Project-Review/database/migrations/2025_08_13_073714_create_notifications_table.php(14): Illuminate\\Support\\Facades\\Facade::__callStatic()
#7 /home/runner/work/Clone-Project-Review/Clone-Project-Review/vendor/laravel/framework/src/Illuminate/Database/Migrations/Migrator.php(507): Illuminate\\Database\\Migrations\\Migration@anonymous->up()
#8 /home/runner/work/Clone-Project-Review/Clone-Project-Review/vendor/laravel/framework/src/Illuminate/Database/Migrations/Migrator.php(432): Illuminate\\Database\\Migrations\\Migrator->runMethod()
#9 /home/runner/work/Clone-Project-Review/Clone-Project-Review/vendor/laravel/framework/src/Illuminate/Database/Migrations/Migrator.php(441): Illuminate\\Database\\Migrations\\Migrator->Illuminate\\Database\\Migrations\\{closure}()
#10 /home/runner/work/Clone-Project-Review/Clone-Project-Review/vendor/laravel/framework/src/Illuminate/Database/Migrations/Migrator.php(244): Illuminate\\Database\\Migrations\\Migrator->runMigration()
#11 /home/runner/work/Clone-Project-Review/Clone-Project-Review/vendor/laravel/framework/src/Illuminate/Console/View/Components/Task.php(40): Illuminate\\Database\\Migrations\\Migrator->Illuminate\\Database\\Migrations\\{closure}()
#12 /home/runner/work/Clone-Project-Review/Clone-Project-Review/vendor/laravel/framework/src/Illuminate/Database/Migrations/Migrator.php(798): Illuminate\\Console\\View\\Components\\Task->render()
#13 /home/runner/work/Clone-Project-Review/Clone-Project-Review/vendor/laravel/framework/src/Illuminate/Database/Migrations/Migrator.php(244): Illuminate\\Database\\Migrations\\Migrator->write()
#14 /home/runner/work/Clone-Project-Review/Clone-Project-Review/vendor/laravel/framework/src/Illuminate/Database/Migrations/Migrator.php(211): Illuminate\\Database\\Migrations\\Migrator->runUp()
#15 /home/runner/work/Clone-Project-Review/Clone-Project-Review/vendor/laravel/framework/src/Illuminate/Database/Migrations/Migrator.php(138): Illuminate\\Database\\Migrations\\Migrator->runPending()
#16 /home/runner/work/Clone-Project-Review/Clone-Project-Review/vendor/laravel/framework/src/Illuminate/Database/Console/Migrations/MigrateCommand.php(117): Illuminate\\Database\\Migrations\\Migrator->run()
#17 /home/runner/work/Clone-Project-Review/Clone-Project-Review/vendor/laravel/framework/src/Illuminate/Database/Migrations/Migrator.php(658): Illuminate\\Database\\Console\\Migrations\\MigrateCommand->Illuminate\\Database\\Console\\Migrations\\{closure}()
#18 /home/runner/work/Clone-Project-Review/Clone-Project-Review/vendor/laravel/framework/src/Illuminate/Database/Console/Migrations/MigrateCommand.php(110): Illuminate\\Database\\Migrations\\Migrator->usingConnection()
#19 /home/runner/work/Clone-Project-Review/Clone-Project-Review/vendor/laravel/framework/src/Illuminate/Database/Console/Migrations/MigrateCommand.php(89): Illuminate\\Database\\Console\\Migrations\\MigrateCommand->runMigrations()
#20 /home/runner/work/Clone-Project-Review/Clone-Project-Review/vendor/laravel/framework/src/Illuminate/Container/BoundMethod.php(36): Illuminate\\Database\\Console\\Migrations\\MigrateCommand->handle()
#21 /home/runner/work/Clone-Project-Review/Clone-Project-Review/vendor/laravel/framework/src/Illuminate/Container/Util.php(43): Illuminate\\Container\\BoundMethod::Illuminate\\Container\\{closure}()
#22 /home/runner/work/Clone-Project-Review/Clone-Project-Review/vendor/laravel/framework/src/Illuminate/Container/BoundMethod.php(95): Illuminate\\Container\\Util::unwrapIfClosure()
#23 /home/runner/work/Clone-Project-Review/Clone-Project-Review/vendor/laravel/framework/src/Illuminate/Container/BoundMethod.php(35): Illuminate\\Container\\BoundMethod::callBoundMethod()
#24 /home/runner/work/Clone-Project-Review/Clone-Project-Review/vendor/laravel/framework/src/Illuminate/Container/Container.php(696): Illuminate\\Container\\BoundMethod::call()
#25 /home/runner/work/Clone-Project-Review/Clone-Project-Review/vendor/laravel/framework/src/Illuminate/Console/Command.php(213): Illuminate\\Container\\Container->call()
#26 /home/runner/work/Clone-Project-Review/Clone-Project-Review/vendor/symfony/console/Command/Command.php(318): Illuminate\\Console\\Command->execute()
#27 /home/runner/work/Clone-Project-Review/Clone-Project-Review/vendor/laravel/framework/src/Illuminate/Console/Command.php(182): Symfony\\Component\\Console\\Command\\Command->run()
#28 /home/runner/work/Clone-Project-Review/Clone-Project-Review/vendor/symfony/console/Application.php(1092): Illuminate\\Console\\Command->run()
#29 /home/runner/work/Clone-Project-Review/Clone-Project-Review/vendor/symfony/console/Application.php(341): Symfony\\Component\\Console\\Application->doRunCommand()
#30 /home/runner/work/Clone-Project-Review/Clone-Project-Review/vendor/symfony/console/Application.php(192): Symfony\\Component\\Console\\Application->doRun()
#31 /home/runner/work/Clone-Project-Review/Clone-Project-Review/vendor/laravel/framework/src/Illuminate/Foundation/Console/Kernel.php(198): Symfony\\Component\\Console\\Application->run()
#32 /home/runner/work/Clone-Project-Review/Clone-Project-Review/vendor/laravel/framework/src/Illuminate/Foundation/Application.php(1235): Illuminate\\Foundation\\Console\\Kernel->handle()
#33 /home/runner/work/Clone-Project-Review/Clone-Project-Review/artisan(13): Illuminate\\Foundation\\Application->handleCommand()
#34 {main}

[previous exception] [object] (PDOException(code: HY000): SQLSTATE[HY000]: General error: 1 table \"notifications\" already exists at /home/runner/work/Clone-Project-Review/Clone-Project-Review/vendor/laravel/framework/src/Illuminate/Database/Connection.php:565)
[stacktrace]
#0 /home/runner/work/Clone-Project-Review/Clone-Project-Review/vendor/laravel/framework/src/Illuminate/Database/Connection.php(565): PDO->prepare()
#1 /home/runner/work/Clone-Project-Review/Clone-Project-Review/vendor/laravel/framework/src/Illuminate/Database/Connection.php(812): Illuminate\\Database\\Connection->Illuminate\\Database\\{closure}()
#2 /home/runner/work/Clone-Project-Review/Clone-Project-Review/vendor/laravel/framework/src/Illuminate/Database/Connection.php(779): Illuminate\\Database\\Connection->runQueryCallback()
#3 /home/runner/work/Clone-Project-Review/Clone-Project-Review/vendor/laravel/framework/src/Illuminate/Database/Connection.php(560): Illuminate\\Database\\Connection->run()
#4 /home/runner/work/Clone-Project-Review/Clone-Project-Review/vendor/laravel/framework/src/Illuminate/Database/Schema/Blueprint.php(118): Illuminate\\Database\\Connection->statement()
#5 /home/runner/work/Clone-Project-Review/Clone-Project-Review/vendor/laravel/framework/src/Illuminate/Database/Schema/Builder.php(564): Illuminate\\Database\\Schema\\Blueprint->build()
#6 /home/runner/work/Clone-Project-Review/Clone-Project-Review/vendor/laravel/framework/src/Illuminate/Database/Schema/Builder.php(418): Illuminate\\Database\\Schema\\Builder->build()
#7 /home/runner/work/Clone-Project-Review/Clone-Project-Review/vendor/laravel/framework/src/Illuminate/Support/Facades/Facade.php(361): Illuminate\\Database\\Schema\\Builder->create()
#8 /home/runner/work/Clone-Project-Review/Clone-Project-Review/database/migrations/2025_08_13_073714_create_notifications_table.php(14): Illuminate\\Support\\Facades\\Facade::__callStatic()
#9 /home/runner/work/Clone-Project-Review/Clone-Project-Review/vendor/laravel/framework/src/Illuminate/Database/Migrations/Migrator.php(507): Illuminate\\Database\\Migrations\\Migration@anonymous->up()
#10 /home/runner/work/Clone-Project-Review/Clone-Project-Review/vendor/laravel/framework/src/Illuminate/Database/Migrations/Migrator.php(432): Illuminate\\Database\\Migrations\\Migrator->runMethod()
#11 /home/runner/work/Clone-Project-Review/Clone-Project-Review/vendor/laravel/framework/src/Illuminate/Database/Migrations/Migrator.php(441): Illuminate\\Database\\Migrations\\Migrator->Illuminate\\Database\\Migrations\\{closure}()
#12 /home/runner/work/Clone-Project-Review/Clone-Project-Review/vendor/laravel/framework/src/Illuminate/Database/Migrations/Migrator.php(244): Illuminate\\Database\\Migrations\\Migrator->runMigration()
#13 /home/runner/work/Clone-Project-Review/Clone-Project-Review/vendor/laravel/framework/src/Illuminate/Console/View/Components/Task.php(40): Illuminate\\Database\\Migrations\\Migrator->Illuminate\\Database\\Migrations\\{closure}()
#14 /home/runner/work/Clone-Project-Review/Clone-Project-Review/vendor/laravel/framework/src/Illuminate/Database/Migrations/Migrator.php(798): Illuminate\\Console\\View\\Components\\Task->render()
#15 /home/runner/work/Clone-Project-Review/Clone-Project-Review/vendor/laravel/framework/src/Illuminate/Database/Migrations/Migrator.php(244): Illuminate\\Database\\Migrations\\Migrator->write()
#16 /home/runner/work/Clone-Project-Review/Clone-Project-Review/vendor/laravel/framework/src/Illuminate/Database/Migrations/Migrator.php(211): Illuminate\\Database\\Migrations\\Migrator->runUp()
#17 /home/runner/work/Clone-Project-Review/Clone-Project-Review/vendor/laravel/framework/src/Illuminate/Database/Migrations/Migrator.php(138): Illuminate\\Database\\Migrations\\Migrator->runPending()
#18 /home/runner/work/Clone-Project-Review/Clone-Project-Review/vendor/laravel/framework/src/Illuminate/Database/Console/Migrations/MigrateCommand.php(117): Illuminate\\Database\\Migrations\\Migrator->run()
#19 /home/runner/work/Clone-Project-Review/Clone-Project-Review/vendor/laravel/framework/src/Illuminate/Database/Migrations/Migrator.php(658): Illuminate\\Database\\Console\\Migrations\\MigrateCommand->Illuminate\\Database\\Console\\Migrations\\{closure}()
#20 /home/runner/work/Clone-Project-Review/Clone-Project-Review/vendor/laravel/framework/src/Illuminate/Database/Console/Migrations/MigrateCommand.php(110): Illuminate\\Database\\Migrations\\Migrator->usingConnection()
#21 /home/runner/work/Clone-Project-Review/Clone-Project-Review/vendor/laravel/framework/src/Illuminate/Database/Console/Migrations/MigrateCommand.php(89): Illuminate\\Database\\Console\\Migrations\\MigrateCommand->runMigrations()
#22 /home/runner/work/Clone-Project-Review/Clone-Project-Review/vendor/laravel/framework/src/Illuminate/Container/BoundMethod.php(36): Illuminate\\Database\\Console\\Migrations\\MigrateCommand->handle()
#23 /home/runner/work/Clone-Project-Review/Clone-Project-Review/vendor/laravel/framework/src/Illuminate/Container/Util.php(43): Illuminate\\Container\\BoundMethod::Illuminate\\Container\\{closure}()
#24 /home/runner/work/Clone-Project-Review/Clone-Project-Review/vendor/laravel/framework/src/Illuminate/Container/BoundMethod.php(95): Illuminate\\Container\\Util::unwrapIfClosure()
#25 /home/runner/work/Clone-Project-Review/Clone-Project-Review/vendor/laravel/framework/src/Illuminate/Container/BoundMethod.php(35): Illuminate\\Container\\BoundMethod::callBoundMethod()
#26 /home/runner/work/Clone-Project-Review/Clone-Project-Review/vendor/laravel/framework/src/Illuminate/Container/Container.php(696): Illuminate\\Container\\BoundMethod::call()
#27 /home/runner/work/Clone-Project-Review/Clone-Project-Review/vendor/laravel/framework/src/Illuminate/Console/Command.php(213): Illuminate\\Container\\Container->call()
#28 /home/runner/work/Clone-Project-Review/Clone-Project-Review/vendor/symfony/console/Command/Command.php(318): Illuminate\\Console\\Command->execute()
#29 /home/runner/work/Clone-Project-Review/Clone-Project-Review/vendor/laravel/framework/src/Illuminate/Console/Command.php(182): Symfony\\Component\\Console\\Command\\Command->run()
#30 /home/runner/work/Clone-Project-Review/Clone-Project-Review/vendor/symfony/console/Application.php(1092): Illuminate\\Console\\Command->run()
#31 /home/runner/work/Clone-Project-Review/Clone-Project-Review/vendor/symfony/console/Application.php(341): Symfony\\Component\\Console\\Application->doRunCommand()
#32 /home/runner/work/Clone-Project-Review/Clone-Project-Review/vendor/symfony/console/Application.php(192): Symfony\\Component\\Console\\Application->doRun()
#33 /home/runner/work/Clone-Project-Review/Clone-Project-Review/vendor/laravel/framework/src/Illuminate/Foundation/Console/Kernel.php(198): Symfony\\Component\\Console\\Application->run()
#34 /home/runner/work/Clone-Project-Review/Clone-Project-Review/vendor/laravel/framework/src/Illuminate/Foundation/Application.php(1235): Illuminate\\Foundation\\Console\\Kernel->handle()
#35 /home/runner/work/Clone-Project-Review/Clone-Project-Review/artisan(13): Illuminate\\Foundation\\Application->handleCommand()
#36 {main}
"} 
[2025-08-14 06:40:26] local.ERROR: SQLSTATE[HY000]: General error: 1 table "notifications" already exists (Connection: sqlite, SQL: create table "notifications" ("id" integer primary key autoincrement not null, "user_id" integer not null, "message" varchar not null, "is_read" tinyint(1) not null default '0', "created_at" datetime, "updated_at" datetime, foreign key("user_id") references "users"("id") on delete cascade)) {"exception":"[object] (Illuminate\\Database\\QueryException(code: HY000): SQLSTATE[HY000]: General error: 1 table \"notifications\" already exists (Connection: sqlite, SQL: create table \"notifications\" (\"id\" integer primary key autoincrement not null, \"user_id\" integer not null, \"message\" varchar not null, \"is_read\" tinyint(1) not null default '0', \"created_at\" datetime, \"updated_at\" datetime, foreign key(\"user_id\") references \"users\"(\"id\") on delete cascade)) at /home/runner/work/Clone-Project-Review/Clone-Project-Review/vendor/laravel/framework/src/Illuminate/Database/Connection.php:825)
[stacktrace]
#0 /home/runner/work/Clone-Project-Review/Clone-Project-Review/vendor/laravel/framework/src/Illuminate/Database/Connection.php(779): Illuminate\\Database\\Connection->runQueryCallback()
#1 /home/runner/work/Clone-Project-Review/Clone-Project-Review/vendor/laravel/framework/src/Illuminate/Database/Connection.php(560): Illuminate\\Database\\Connection->run()
#2 /home/runner/work/Clone-Project-Review/Clone-Project-Review/vendor/laravel/framework/src/Illuminate/Database/Schema/Blueprint.php(118): Illuminate\\Database\\Connection->statement()
#3 /home/runner/work/Clone-Project-Review/Clone-Project-Review/vendor/laravel/framework/src/Illuminate/Database/Schema/Builder.php(564): Illuminate\\Database\\Schema\\Blueprint->build()
#4 /home/runner/work/Clone-Project-Review/Clone-Project-Review/vendor/laravel/framework/src/Illuminate/Database/Schema/Builder.php(418): Illuminate\\Database\\Schema\\Builder->build()
#5 /home/runner/work/Clone-Project-Review/Clone-Project-Review/vendor/laravel/framework/src/Illuminate/Support/Facades/Facade.php(361): Illuminate\\Database\\Schema\\Builder->create()
#6 /home/runner/work/Clone-Project-Review/Clone-Project-Review/database/migrations/2025_08_13_073714_create_notifications_table.php(14): Illuminate\\Support\\Facades\\Facade::__callStatic()
#7 /home/runner/work/Clone-Project-Review/Clone-Project-Review/vendor/laravel/framework/src/Illuminate/Database/Migrations/Migrator.php(507): Illuminate\\Database\\Migrations\\Migration@anonymous->up()
#8 /home/runner/work/Clone-Project-Review/Clone-Project-Review/vendor/laravel/framework/src/Illuminate/Database/Migrations/Migrator.php(432): Illuminate\\Database\\Migrations\\Migrator->runMethod()
#9 /home/runner/work/Clone-Project-Review/Clone-Project-Review/vendor/laravel/framework/src/Illuminate/Database/Migrations/Migrator.php(441): Illuminate\\Database\\Migrations\\Migrator->Illuminate\\Database\\Migrations\\{closure}()
#10 /home/runner/work/Clone-Project-Review/Clone-Project-Review/vendor/laravel/framework/src/Illuminate/Database/Migrations/Migrator.php(244): Illuminate\\Database\\Migrations\\Migrator->runMigration()
#11 /home/runner/work/Clone-Project-Review/Clone-Project-Review/vendor/laravel/framework/src/Illuminate/Console/View/Components/Task.php(40): Illuminate\\Database\\Migrations\\Migrator->Illuminate\\Database\\Migrations\\{closure}()
#12 /home/runner/work/Clone-Project-Review/Clone-Project-Review/vendor/laravel/framework/src/Illuminate/Database/Migrations/Migrator.php(798): Illuminate\\Console\\View\\Components\\Task->render()
#13 /home/runner/work/Clone-Project-Review/Clone-Project-Review/vendor/laravel/framework/src/Illuminate/Database/Migrations/Migrator.php(244): Illuminate\\Database\\Migrations\\Migrator->write()
#14 /home/runner/work/Clone-Project-Review/Clone-Project-Review/vendor/laravel/framework/src/Illuminate/Database/Migrations/Migrator.php(211): Illuminate\\Database\\Migrations\\Migrator->runUp()
#15 /home/runner/work/Clone-Project-Review/Clone-Project-Review/vendor/laravel/framework/src/Illuminate/Database/Migrations/Migrator.php(138): Illuminate\\Database\\Migrations\\Migrator->runPending()
#16 /home/runner/work/Clone-Project-Review/Clone-Project-Review/vendor/laravel/framework/src/Illuminate/Database/Console/Migrations/MigrateCommand.php(117): Illuminate\\Database\\Migrations\\Migrator->run()
#17 /home/runner/work/Clone-Project-Review/Clone-Project-Review/vendor/laravel/framework/src/Illuminate/Database/Migrations/Migrator.php(658): Illuminate\\Database\\Console\\Migrations\\MigrateCommand->Illuminate\\Database\\Console\\Migrations\\{closure}()
#18 /home/runner/work/Clone-Project-Review/Clone-Project-Review/vendor/laravel/framework/src/Illuminate/Database/Console/Migrations/MigrateCommand.php(110): Illuminate\\Database\\Migrations\\Migrator->usingConnection()
#19 /home/runner/work/Clone-Project-Review/Clone-Project-Review/vendor/laravel/framework/src/Illuminate/Database/Console/Migrations/MigrateCommand.php(89): Illuminate\\Database\\Console\\Migrations\\MigrateCommand->runMigrations()
#20 /home/runner/work/Clone-Project-Review/Clone-Project-Review/vendor/laravel/framework/src/Illuminate/Container/BoundMethod.php(36): Illuminate\\Database\\Console\\Migrations\\MigrateCommand->handle()
#21 /home/runner/work/Clone-Project-Review/Clone-Project-Review/vendor/laravel/framework/src/Illuminate/Container/Util.php(43): Illuminate\\Container\\BoundMethod::Illuminate\\Container\\{closure}()
#22 /home/runner/work/Clone-Project-Review/Clone-Project-Review/vendor/laravel/framework/src/Illuminate/Container/BoundMethod.php(95): Illuminate\\Container\\Util::unwrapIfClosure()
#23 /home/runner/work/Clone-Project-Review/Clone-Project-Review/vendor/laravel/framework/src/Illuminate/Container/BoundMethod.php(35): Illuminate\\Container\\BoundMethod::callBoundMethod()
#24 /home/runner/work/Clone-Project-Review/Clone-Project-Review/vendor/laravel/framework/src/Illuminate/Container/Container.php(696): Illuminate\\Container\\BoundMethod::call()
#25 /home/runner/work/Clone-Project-Review/Clone-Project-Review/vendor/laravel/framework/src/Illuminate/Console/Command.php(213): Illuminate\\Container\\Container->call()
#26 /home/runner/work/Clone-Project-Review/Clone-Project-Review/vendor/symfony/console/Command/Command.php(318): Illuminate\\Console\\Command->execute()
#27 /home/runner/work/Clone-Project-Review/Clone-Project-Review/vendor/laravel/framework/src/Illuminate/Console/Command.php(182): Symfony\\Component\\Console\\Command\\Command->run()
#28 /home/runner/work/Clone-Project-Review/Clone-Project-Review/vendor/symfony/console/Application.php(1092): Illuminate\\Console\\Command->run()
#29 /home/runner/work/Clone-Project-Review/Clone-Project-Review/vendor/symfony/console/Application.php(341): Symfony\\Component\\Console\\Application->doRunCommand()
#30 /home/runner/work/Clone-Project-Review/Clone-Project-Review/vendor/symfony/console/Application.php(192): Symfony\\Component\\Console\\Application->doRun()
#31 /home/runner/work/Clone-Project-Review/Clone-Project-Review/vendor/laravel/framework/src/Illuminate/Foundation/Console/Kernel.php(198): Symfony\\Component\\Console\\Application->run()
#32 /home/runner/work/Clone-Project-Review/Clone-Project-Review/vendor/laravel/framework/src/Illuminate/Foundation/Application.php(1235): Illuminate\\Foundation\\Console\\Kernel->handle()
#33 /home/runner/work/Clone-Project-Review/Clone-Project-Review/artisan(13): Illuminate\\Foundation\\Application->handleCommand()
#34 {main}

[previous exception] [object] (PDOException(code: HY000): SQLSTATE[HY000]: General error: 1 table \"notifications\" already exists at /home/runner/work/Clone-Project-Review/Clone-Project-Review/vendor/laravel/framework/src/Illuminate/Database/Connection.php:565)
[stacktrace]
#0 /home/runner/work/Clone-Project-Review/Clone-Project-Review/vendor/laravel/framework/src/Illuminate/Database/Connection.php(565): PDO->prepare()
#1 /home/runner/work/Clone-Project-Review/Clone-Project-Review/vendor/laravel/framework/src/Illuminate/Database/Connection.php(812): Illuminate\\Database\\Connection->Illuminate\\Database\\{closure}()
#2 /home/runner/work/Clone-Project-Review/Clone-Project-Review/vendor/laravel/framework/src/Illuminate/Database/Connection.php(779): Illuminate\\Database\\Connection->runQueryCallback()
#3 /home/runner/work/Clone-Project-Review/Clone-Project-Review/vendor/laravel/framework/src/Illuminate/Database/Connection.php(560): Illuminate\\Database\\Connection->run()
#4 /home/runner/work/Clone-Project-Review/Clone-Project-Review/vendor/laravel/framework/src/Illuminate/Database/Schema/Blueprint.php(118): Illuminate\\Database\\Connection->statement()
#5 /home/runner/work/Clone-Project-Review/Clone-Project-Review/vendor/laravel/framework/src/Illuminate/Database/Schema/Builder.php(564): Illuminate\\Database\\Schema\\Blueprint->build()
#6 /home/runner/work/Clone-Project-Review/Clone-Project-Review/vendor/laravel/framework/src/Illuminate/Database/Schema/Builder.php(418): Illuminate\\Database\\Schema\\Builder->build()
#7 /home/runner/work/Clone-Project-Review/Clone-Project-Review/vendor/laravel/framework/src/Illuminate/Support/Facades/Facade.php(361): Illuminate\\Database\\Schema\\Builder->create()
#8 /home/runner/work/Clone-Project-Review/Clone-Project-Review/database/migrations/2025_08_13_073714_create_notifications_table.php(14): Illuminate\\Support\\Facades\\Facade::__callStatic()
#9 /home/runner/work/Clone-Project-Review/Clone-Project-Review/vendor/laravel/framework/src/Illuminate/Database/Migrations/Migrator.php(507): Illuminate\\Database\\Migrations\\Migration@anonymous->up()
#10 /home/runner/work/Clone-Project-Review/Clone-Project-Review/vendor/laravel/framework/src/Illuminate/Database/Migrations/Migrator.php(432): Illuminate\\Database\\Migrations\\Migrator->runMethod()
#11 /home/runner/work/Clone-Project-Review/Clone-Project-Review/vendor/laravel/framework/src/Illuminate/Database/Migrations/Migrator.php(441): Illuminate\\Database\\Migrations\\Migrator->Illuminate\\Database\\Migrations\\{closure}()
#12 /home/runner/work/Clone-Project-Review/Clone-Project-Review/vendor/laravel/framework/src/Illuminate/Database/Migrations/Migrator.php(244): Illuminate\\Database\\Migrations\\Migrator->runMigration()
#13 /home/runner/work/Clone-Project-Review/Clone-Project-Review/vendor/laravel/framework/src/Illuminate/Console/View/Components/Task.php(40): Illuminate\\Database\\Migrations\\Migrator->Illuminate\\Database\\Migrations\\{closure}()
#14 /home/runner/work/Clone-Project-Review/Clone-Project-Review/vendor/laravel/framework/src/Illuminate/Database/Migrations/Migrator.php(798): Illuminate\\Console\\View\\Components\\Task->render()
#15 /home/runner/work/Clone-Project-Review/Clone-Project-Review/vendor/laravel/framework/src/Illuminate/Database/Migrations/Migrator.php(244): Illuminate\\Database\\Migrations\\Migrator->write()
#16 /home/runner/work/Clone-Project-Review/Clone-Project-Review/vendor/laravel/framework/src/Illuminate/Database/Migrations/Migrator.php(211): Illuminate\\Database\\Migrations\\Migrator->runUp()
#17 /home/runner/work/Clone-Project-Review/Clone-Project-Review/vendor/laravel/framework/src/Illuminate/Database/Migrations/Migrator.php(138): Illuminate\\Database\\Migrations\\Migrator->runPending()
#18 /home/runner/work/Clone-Project-Review/Clone-Project-Review/vendor/laravel/framework/src/Illuminate/Database/Console/Migrations/MigrateCommand.php(117): Illuminate\\Database\\Migrations\\Migrator->run()
#19 /home/runner/work/Clone-Project-Review/Clone-Project-Review/vendor/laravel/framework/src/Illuminate/Database/Migrations/Migrator.php(658): Illuminate\\Database\\Console\\Migrations\\MigrateCommand->Illuminate\\Database\\Console\\Migrations\\{closure}()
#20 /home/runner/work/Clone-Project-Review/Clone-Project-Review/vendor/laravel/framework/src/Illuminate/Database/Console/Migrations/MigrateCommand.php(110): Illuminate\\Database\\Migrations\\Migrator->usingConnection()
#21 /home/runner/work/Clone-Project-Review/Clone-Project-Review/vendor/laravel/framework/src/Illuminate/Database/Console/Migrations/MigrateCommand.php(89): Illuminate\\Database\\Console\\Migrations\\MigrateCommand->runMigrations()
#22 /home/runner/work/Clone-Project-Review/Clone-Project-Review/vendor/laravel/framework/src/Illuminate/Container/BoundMethod.php(36): Illuminate\\Database\\Console\\Migrations\\MigrateCommand->handle()
#23 /home/runner/work/Clone-Project-Review/Clone-Project-Review/vendor/laravel/framework/src/Illuminate/Container/Util.php(43): Illuminate\\Container\\BoundMethod::Illuminate\\Container\\{closure}()
#24 /home/runner/work/Clone-Project-Review/Clone-Project-Review/vendor/laravel/framework/src/Illuminate/Container/BoundMethod.php(95): Illuminate\\Container\\Util::unwrapIfClosure()
#25 /home/runner/work/Clone-Project-Review/Clone-Project-Review/vendor/laravel/framework/src/Illuminate/Container/BoundMethod.php(35): Illuminate\\Container\\BoundMethod::callBoundMethod()
#26 /home/runner/work/Clone-Project-Review/Clone-Project-Review/vendor/laravel/framework/src/Illuminate/Container/Container.php(696): Illuminate\\Container\\BoundMethod::call()
#27 /home/runner/work/Clone-Project-Review/Clone-Project-Review/vendor/laravel/framework/src/Illuminate/Console/Command.php(213): Illuminate\\Container\\Container->call()
#28 /home/runner/work/Clone-Project-Review/Clone-Project-Review/vendor/symfony/console/Command/Command.php(318): Illuminate\\Console\\Command->execute()
#29 /home/runner/work/Clone-Project-Review/Clone-Project-Review/vendor/laravel/framework/src/Illuminate/Console/Command.php(182): Symfony\\Component\\Console\\Command\\Command->run()
#30 /home/runner/work/Clone-Project-Review/Clone-Project-Review/vendor/symfony/console/Application.php(1092): Illuminate\\Console\\Command->run()
#31 /home/runner/work/Clone-Project-Review/Clone-Project-Review/vendor/symfony/console/Application.php(341): Symfony\\Component\\Console\\Application->doRunCommand()
#32 /home/runner/work/Clone-Project-Review/Clone-Project-Review/vendor/symfony/console/Application.php(192): Symfony\\Component\\Console\\Application->doRun()
#33 /home/runner/work/Clone-Project-Review/Clone-Project-Review/vendor/laravel/framework/src/Illuminate/Foundation/Console/Kernel.php(198): Symfony\\Component\\Console\\Application->run()
#34 /home/runner/work/Clone-Project-Review/Clone-Project-Review/vendor/laravel/framework/src/Illuminate/Foundation/Application.php(1235): Illuminate\\Foundation\\Console\\Kernel->handle()
#35 /home/runner/work/Clone-Project-Review/Clone-Project-Review/artisan(13): Illuminate\\Foundation\\Application->handleCommand()
#36 {main}
"} 
[2025-08-14 06:40:49] local.ERROR: SQLSTATE[HY000]: General error: 1 table "project_commissions" already exists (Connection: sqlite, SQL: create table "project_commissions" ("id" integer primary key autoincrement not null, "project_id" integer not null, "project_personel_id" integer not null, "user_id" integer not null, "margin" numeric not null default '0', "persentase" numeric not null default '0', "nilai_komisi" numeric not null default '0', "created_at" datetime, "updated_at" datetime, foreign key("project_id") references "projects"("id") on delete cascade, foreign key("project_personel_id") references "project_personels"("id") on delete cascade)) {"exception":"[object] (Illuminate\\Database\\QueryException(code: HY000): SQLSTATE[HY000]: General error: 1 table \"project_commissions\" already exists (Connection: sqlite, SQL: create table \"project_commissions\" (\"id\" integer primary key autoincrement not null, \"project_id\" integer not null, \"project_personel_id\" integer not null, \"user_id\" integer not null, \"margin\" numeric not null default '0', \"persentase\" numeric not null default '0', \"nilai_komisi\" numeric not null default '0', \"created_at\" datetime, \"updated_at\" datetime, foreign key(\"project_id\") references \"projects\"(\"id\") on delete cascade, foreign key(\"project_personel_id\") references \"project_personels\"(\"id\") on delete cascade)) at /home/runner/work/Clone-Project-Review/Clone-Project-Review/vendor/laravel/framework/src/Illuminate/Database/Connection.php:825)
[stacktrace]
#0 /home/runner/work/Clone-Project-Review/Clone-Project-Review/vendor/laravel/framework/src/Illuminate/Database/Connection.php(779): Illuminate\\Database\\Connection->runQueryCallback()
#1 /home/runner/work/Clone-Project-Review/Clone-Project-Review/vendor/laravel/framework/src/Illuminate/Database/Connection.php(560): Illuminate\\Database\\Connection->run()
#2 /home/runner/work/Clone-Project-Review/Clone-Project-Review/vendor/laravel/framework/src/Illuminate/Database/Schema/Blueprint.php(118): Illuminate\\Database\\Connection->statement()
#3 /home/runner/work/Clone-Project-Review/Clone-Project-Review/vendor/laravel/framework/src/Illuminate/Database/Schema/Builder.php(564): Illuminate\\Database\\Schema\\Blueprint->build()
#4 /home/runner/work/Clone-Project-Review/Clone-Project-Review/vendor/laravel/framework/src/Illuminate/Database/Schema/Builder.php(418): Illuminate\\Database\\Schema\\Builder->build()
#5 /home/runner/work/Clone-Project-Review/Clone-Project-Review/vendor/laravel/framework/src/Illuminate/Support/Facades/Facade.php(361): Illuminate\\Database\\Schema\\Builder->create()
#6 /home/runner/work/Clone-Project-Review/Clone-Project-Review/database/migrations/2025_08_13_092353_project_commissions.php(14): Illuminate\\Support\\Facades\\Facade::__callStatic()
#7 /home/runner/work/Clone-Project-Review/Clone-Project-Review/vendor/laravel/framework/src/Illuminate/Database/Migrations/Migrator.php(507): Illuminate\\Database\\Migrations\\Migration@anonymous->up()
#8 /home/runner/work/Clone-Project-Review/Clone-Project-Review/vendor/laravel/framework/src/Illuminate/Database/Migrations/Migrator.php(432): Illuminate\\Database\\Migrations\\Migrator->runMethod()
#9 /home/runner/work/Clone-Project-Review/Clone-Project-Review/vendor/laravel/framework/src/Illuminate/Database/Migrations/Migrator.php(441): Illuminate\\Database\\Migrations\\Migrator->Illuminate\\Database\\Migrations\\{closure}()
#10 /home/runner/work/Clone-Project-Review/Clone-Project-Review/vendor/laravel/framework/src/Illuminate/Database/Migrations/Migrator.php(244): Illuminate\\Database\\Migrations\\Migrator->runMigration()
#11 /home/runner/work/Clone-Project-Review/Clone-Project-Review/vendor/laravel/framework/src/Illuminate/Console/View/Components/Task.php(40): Illuminate\\Database\\Migrations\\Migrator->Illuminate\\Database\\Migrations\\{closure}()
#12 /home/runner/work/Clone-Project-Review/Clone-Project-Review/vendor/laravel/framework/src/Illuminate/Database/Migrations/Migrator.php(798): Illuminate\\Console\\View\\Components\\Task->render()
#13 /home/runner/work/Clone-Project-Review/Clone-Project-Review/vendor/laravel/framework/src/Illuminate/Database/Migrations/Migrator.php(244): Illuminate\\Database\\Migrations\\Migrator->write()
#14 /home/runner/work/Clone-Project-Review/Clone-Project-Review/vendor/laravel/framework/src/Illuminate/Database/Migrations/Migrator.php(211): Illuminate\\Database\\Migrations\\Migrator->runUp()
#15 /home/runner/work/Clone-Project-Review/Clone-Project-Review/vendor/laravel/framework/src/Illuminate/Database/Migrations/Migrator.php(138): Illuminate\\Database\\Migrations\\Migrator->runPending()
#16 /home/runner/work/Clone-Project-Review/Clone-Project-Review/vendor/laravel/framework/src/Illuminate/Database/Console/Migrations/MigrateCommand.php(117): Illuminate\\Database\\Migrations\\Migrator->run()
#17 /home/runner/work/Clone-Project-Review/Clone-Project-Review/vendor/laravel/framework/src/Illuminate/Database/Migrations/Migrator.php(658): Illuminate\\Database\\Console\\Migrations\\MigrateCommand->Illuminate\\Database\\Console\\Migrations\\{closure}()
#18 /home/runner/work/Clone-Project-Review/Clone-Project-Review/vendor/laravel/framework/src/Illuminate/Database/Console/Migrations/MigrateCommand.php(110): Illuminate\\Database\\Migrations\\Migrator->usingConnection()
#19 /home/runner/work/Clone-Project-Review/Clone-Project-Review/vendor/laravel/framework/src/Illuminate/Database/Console/Migrations/MigrateCommand.php(89): Illuminate\\Database\\Console\\Migrations\\MigrateCommand->runMigrations()
#20 /home/runner/work/Clone-Project-Review/Clone-Project-Review/vendor/laravel/framework/src/Illuminate/Container/BoundMethod.php(36): Illuminate\\Database\\Console\\Migrations\\MigrateCommand->handle()
#21 /home/runner/work/Clone-Project-Review/Clone-Project-Review/vendor/laravel/framework/src/Illuminate/Container/Util.php(43): Illuminate\\Container\\BoundMethod::Illuminate\\Container\\{closure}()
#22 /home/runner/work/Clone-Project-Review/Clone-Project-Review/vendor/laravel/framework/src/Illuminate/Container/BoundMethod.php(95): Illuminate\\Container\\Util::unwrapIfClosure()
#23 /home/runner/work/Clone-Project-Review/Clone-Project-Review/vendor/laravel/framework/src/Illuminate/Container/BoundMethod.php(35): Illuminate\\Container\\BoundMethod::callBoundMethod()
#24 /home/runner/work/Clone-Project-Review/Clone-Project-Review/vendor/laravel/framework/src/Illuminate/Container/Container.php(696): Illuminate\\Container\\BoundMethod::call()
#25 /home/runner/work/Clone-Project-Review/Clone-Project-Review/vendor/laravel/framework/src/Illuminate/Console/Command.php(213): Illuminate\\Container\\Container->call()
#26 /home/runner/work/Clone-Project-Review/Clone-Project-Review/vendor/symfony/console/Command/Command.php(318): Illuminate\\Console\\Command->execute()
#27 /home/runner/work/Clone-Project-Review/Clone-Project-Review/vendor/laravel/framework/src/Illuminate/Console/Command.php(182): Symfony\\Component\\Console\\Command\\Command->run()
#28 /home/runner/work/Clone-Project-Review/Clone-Project-Review/vendor/symfony/console/Application.php(1092): Illuminate\\Console\\Command->run()
#29 /home/runner/work/Clone-Project-Review/Clone-Project-Review/vendor/symfony/console/Application.php(341): Symfony\\Component\\Console\\Application->doRunCommand()
#30 /home/runner/work/Clone-Project-Review/Clone-Project-Review/vendor/symfony/console/Application.php(192): Symfony\\Component\\Console\\Application->doRun()
#31 /home/runner/work/Clone-Project-Review/Clone-Project-Review/vendor/laravel/framework/src/Illuminate/Foundation/Console/Kernel.php(198): Symfony\\Component\\Console\\Application->run()
#32 /home/runner/work/Clone-Project-Review/Clone-Project-Review/vendor/laravel/framework/src/Illuminate/Foundation/Application.php(1235): Illuminate\\Foundation\\Console\\Kernel->handle()
#33 /home/runner/work/Clone-Project-Review/Clone-Project-Review/artisan(13): Illuminate\\Foundation\\Application->handleCommand()
#34 {main}

[previous exception] [object] (PDOException(code: HY000): SQLSTATE[HY000]: General error: 1 table \"project_commissions\" already exists at /home/runner/work/Clone-Project-Review/Clone-Project-Review/vendor/laravel/framework/src/Illuminate/Database/Connection.php:565)
[stacktrace]
#0 /home/runner/work/Clone-Project-Review/Clone-Project-Review/vendor/laravel/framework/src/Illuminate/Database/Connection.php(565): PDO->prepare()
#1 /home/runner/work/Clone-Project-Review/Clone-Project-Review/vendor/laravel/framework/src/Illuminate/Database/Connection.php(812): Illuminate\\Database\\Connection->Illuminate\\Database\\{closure}()
#2 /home/runner/work/Clone-Project-Review/Clone-Project-Review/vendor/laravel/framework/src/Illuminate/Database/Connection.php(779): Illuminate\\Database\\Connection->runQueryCallback()
#3 /home/runner/work/Clone-Project-Review/Clone-Project-Review/vendor/laravel/framework/src/Illuminate/Database/Connection.php(560): Illuminate\\Database\\Connection->run()
#4 /home/runner/work/Clone-Project-Review/Clone-Project-Review/vendor/laravel/framework/src/Illuminate/Database/Schema/Blueprint.php(118): Illuminate\\Database\\Connection->statement()
#5 /home/runner/work/Clone-Project-Review/Clone-Project-Review/vendor/laravel/framework/src/Illuminate/Database/Schema/Builder.php(564): Illuminate\\Database\\Schema\\Blueprint->build()
#6 /home/runner/work/Clone-Project-Review/Clone-Project-Review/vendor/laravel/framework/src/Illuminate/Database/Schema/Builder.php(418): Illuminate\\Database\\Schema\\Builder->build()
#7 /home/runner/work/Clone-Project-Review/Clone-Project-Review/vendor/laravel/framework/src/Illuminate/Support/Facades/Facade.php(361): Illuminate\\Database\\Schema\\Builder->create()
#8 /home/runner/work/Clone-Project-Review/Clone-Project-Review/database/migrations/2025_08_13_092353_project_commissions.php(14): Illuminate\\Support\\Facades\\Facade::__callStatic()
#9 /home/runner/work/Clone-Project-Review/Clone-Project-Review/vendor/laravel/framework/src/Illuminate/Database/Migrations/Migrator.php(507): Illuminate\\Database\\Migrations\\Migration@anonymous->up()
#10 /home/runner/work/Clone-Project-Review/Clone-Project-Review/vendor/laravel/framework/src/Illuminate/Database/Migrations/Migrator.php(432): Illuminate\\Database\\Migrations\\Migrator->runMethod()
#11 /home/runner/work/Clone-Project-Review/Clone-Project-Review/vendor/laravel/framework/src/Illuminate/Database/Migrations/Migrator.php(441): Illuminate\\Database\\Migrations\\Migrator->Illuminate\\Database\\Migrations\\{closure}()
#12 /home/runner/work/Clone-Project-Review/Clone-Project-Review/vendor/laravel/framework/src/Illuminate/Database/Migrations/Migrator.php(244): Illuminate\\Database\\Migrations\\Migrator->runMigration()
#13 /home/runner/work/Clone-Project-Review/Clone-Project-Review/vendor/laravel/framework/src/Illuminate/Console/View/Components/Task.php(40): Illuminate\\Database\\Migrations\\Migrator->Illuminate\\Database\\Migrations\\{closure}()
#14 /home/runner/work/Clone-Project-Review/Clone-Project-Review/vendor/laravel/framework/src/Illuminate/Database/Migrations/Migrator.php(798): Illuminate\\Console\\View\\Components\\Task->render()
#15 /home/runner/work/Clone-Project-Review/Clone-Project-Review/vendor/laravel/framework/src/Illuminate/Database/Migrations/Migrator.php(244): Illuminate\\Database\\Migrations\\Migrator->write()
#16 /home/runner/work/Clone-Project-Review/Clone-Project-Review/vendor/laravel/framework/src/Illuminate/Database/Migrations/Migrator.php(211): Illuminate\\Database\\Migrations\\Migrator->runUp()
#17 /home/runner/work/Clone-Project-Review/Clone-Project-Review/vendor/laravel/framework/src/Illuminate/Database/Migrations/Migrator.php(138): Illuminate\\Database\\Migrations\\Migrator->runPending()
#18 /home/runner/work/Clone-Project-Review/Clone-Project-Review/vendor/laravel/framework/src/Illuminate/Database/Console/Migrations/MigrateCommand.php(117): Illuminate\\Database\\Migrations\\Migrator->run()
#19 /home/runner/work/Clone-Project-Review/Clone-Project-Review/vendor/laravel/framework/src/Illuminate/Database/Migrations/Migrator.php(658): Illuminate\\Database\\Console\\Migrations\\MigrateCommand->Illuminate\\Database\\Console\\Migrations\\{closure}()
#20 /home/runner/work/Clone-Project-Review/Clone-Project-Review/vendor/laravel/framework/src/Illuminate/Database/Console/Migrations/MigrateCommand.php(110): Illuminate\\Database\\Migrations\\Migrator->usingConnection()
#21 /home/runner/work/Clone-Project-Review/Clone-Project-Review/vendor/laravel/framework/src/Illuminate/Database/Console/Migrations/MigrateCommand.php(89): Illuminate\\Database\\Console\\Migrations\\MigrateCommand->runMigrations()
#22 /home/runner/work/Clone-Project-Review/Clone-Project-Review/vendor/laravel/framework/src/Illuminate/Container/BoundMethod.php(36): Illuminate\\Database\\Console\\Migrations\\MigrateCommand->handle()
#23 /home/runner/work/Clone-Project-Review/Clone-Project-Review/vendor/laravel/framework/src/Illuminate/Container/Util.php(43): Illuminate\\Container\\BoundMethod::Illuminate\\Container\\{closure}()
#24 /home/runner/work/Clone-Project-Review/Clone-Project-Review/vendor/laravel/framework/src/Illuminate/Container/BoundMethod.php(95): Illuminate\\Container\\Util::unwrapIfClosure()
#25 /home/runner/work/Clone-Project-Review/Clone-Project-Review/vendor/laravel/framework/src/Illuminate/Container/BoundMethod.php(35): Illuminate\\Container\\BoundMethod::callBoundMethod()
#26 /home/runner/work/Clone-Project-Review/Clone-Project-Review/vendor/laravel/framework/src/Illuminate/Container/Container.php(696): Illuminate\\Container\\BoundMethod::call()
#27 /home/runner/work/Clone-Project-Review/Clone-Project-Review/vendor/laravel/framework/src/Illuminate/Console/Command.php(213): Illuminate\\Container\\Container->call()
#28 /home/runner/work/Clone-Project-Review/Clone-Project-Review/vendor/symfony/console/Command/Command.php(318): Illuminate\\Console\\Command->execute()
#29 /home/runner/work/Clone-Project-Review/Clone-Project-Review/vendor/laravel/framework/src/Illuminate/Console/Command.php(182): Symfony\\Component\\Console\\Command\\Command->run()
#30 /home/runner/work/Clone-Project-Review/Clone-Project-Review/vendor/symfony/console/Application.php(1092): Illuminate\\Console\\Command->run()
#31 /home/runner/work/Clone-Project-Review/Clone-Project-Review/vendor/symfony/console/Application.php(341): Symfony\\Component\\Console\\Application->doRunCommand()
#32 /home/runner/work/Clone-Project-Review/Clone-Project-Review/vendor/symfony/console/Application.php(192): Symfony\\Component\\Console\\Application->doRun()
#33 /home/runner/work/Clone-Project-Review/Clone-Project-Review/vendor/laravel/framework/src/Illuminate/Foundation/Console/Kernel.php(198): Symfony\\Component\\Console\\Application->run()
#34 /home/runner/work/Clone-Project-Review/Clone-Project-Review/vendor/laravel/framework/src/Illuminate/Foundation/Application.php(1235): Illuminate\\Foundation\\Console\\Kernel->handle()
#35 /home/runner/work/Clone-Project-Review/Clone-Project-Review/artisan(13): Illuminate\\Foundation\\Application->handleCommand()
#36 {main}
"} 
[2025-08-14 06:48:48] local.ERROR: SQLSTATE[HY000]: General error: 1 table projects has no column named deskripsi (Connection: sqlite, SQL: insert into "projects" ("judul", "deskripsi", "tanggal_mulai", "tanggal_selesai", "status", "pm_id", "anggaran", "lokasi", "client", "updated_at", "created_at") values (Sistem Manajemen Inventory, Pengembangan sistem manajemen inventory untuk perusahaan retail, 2024-01-15, 2024-03-15, Ongoing, 2, 50000000, Jakarta, PT. Retail Indonesia, 2025-08-14 06:48:48, 2025-08-14 06:48:48)) {"exception":"[object] (Illuminate\\Database\\QueryException(code: HY000): SQLSTATE[HY000]: General error: 1 table projects has no column named deskripsi (Connection: sqlite, SQL: insert into \"projects\" (\"judul\", \"deskripsi\", \"tanggal_mulai\", \"tanggal_selesai\", \"status\", \"pm_id\", \"anggaran\", \"lokasi\", \"client\", \"updated_at\", \"created_at\") values (Sistem Manajemen Inventory, Pengembangan sistem manajemen inventory untuk perusahaan retail, 2024-01-15, 2024-03-15, Ongoing, 2, 50000000, Jakarta, PT. Retail Indonesia, 2025-08-14 06:48:48, 2025-08-14 06:48:48)) at /home/runner/work/Clone-Project-Review/Clone-Project-Review/vendor/laravel/framework/src/Illuminate/Database/Connection.php:825)
[stacktrace]
#0 /home/runner/work/Clone-Project-Review/Clone-Project-Review/vendor/laravel/framework/src/Illuminate/Database/Connection.php(779): Illuminate\\Database\\Connection->runQueryCallback()
#1 /home/runner/work/Clone-Project-Review/Clone-Project-Review/vendor/laravel/framework/src/Illuminate/Database/Connection.php(560): Illuminate\\Database\\Connection->run()
#2 /home/runner/work/Clone-Project-Review/Clone-Project-Review/vendor/laravel/framework/src/Illuminate/Database/Connection.php(524): Illuminate\\Database\\Connection->statement()
#3 /home/runner/work/Clone-Project-Review/Clone-Project-Review/vendor/laravel/framework/src/Illuminate/Database/Query/Processors/Processor.php(32): Illuminate\\Database\\Connection->insert()
#4 /home/runner/work/Clone-Project-Review/Clone-Project-Review/vendor/laravel/framework/src/Illuminate/Database/Query/Builder.php(3766): Illuminate\\Database\\Query\\Processors\\Processor->processInsertGetId()
#5 /home/runner/work/Clone-Project-Review/Clone-Project-Review/vendor/laravel/framework/src/Illuminate/Database/Eloquent/Builder.php(2120): Illuminate\\Database\\Query\\Builder->insertGetId()
#6 /home/runner/work/Clone-Project-Review/Clone-Project-Review/vendor/laravel/framework/src/Illuminate/Database/Eloquent/Model.php(1359): Illuminate\\Database\\Eloquent\\Builder->__call()
#7 /home/runner/work/Clone-Project-Review/Clone-Project-Review/vendor/laravel/framework/src/Illuminate/Database/Eloquent/Model.php(1324): Illuminate\\Database\\Eloquent\\Model->insertAndSetId()
#8 /home/runner/work/Clone-Project-Review/Clone-Project-Review/vendor/laravel/framework/src/Illuminate/Database/Eloquent/Model.php(1163): Illuminate\\Database\\Eloquent\\Model->performInsert()
#9 /home/runner/work/Clone-Project-Review/Clone-Project-Review/vendor/laravel/framework/src/Illuminate/Database/Eloquent/Builder.php(1128): Illuminate\\Database\\Eloquent\\Model->save()
#10 /home/runner/work/Clone-Project-Review/Clone-Project-Review/vendor/laravel/framework/src/Illuminate/Support/helpers.php(399): Illuminate\\Database\\Eloquent\\Builder->Illuminate\\Database\\Eloquent\\{closure}()
#11 /home/runner/work/Clone-Project-Review/Clone-Project-Review/vendor/laravel/framework/src/Illuminate/Database/Eloquent/Builder.php(1127): tap()
#12 /home/runner/work/Clone-Project-Review/Clone-Project-Review/vendor/laravel/framework/src/Illuminate/Support/Traits/ForwardsCalls.php(23): Illuminate\\Database\\Eloquent\\Builder->create()
#13 /home/runner/work/Clone-Project-Review/Clone-Project-Review/vendor/laravel/framework/src/Illuminate/Database/Eloquent/Model.php(2372): Illuminate\\Database\\Eloquent\\Model->forwardCallTo()
#14 /home/runner/work/Clone-Project-Review/Clone-Project-Review/vendor/laravel/framework/src/Illuminate/Database/Eloquent/Model.php(2384): Illuminate\\Database\\Eloquent\\Model->__call()
#15 /home/runner/work/Clone-Project-Review/Clone-Project-Review/database/seeders/ProjectSeeder.php(50): Illuminate\\Database\\Eloquent\\Model::__callStatic()
#16 /home/runner/work/Clone-Project-Review/Clone-Project-Review/vendor/laravel/framework/src/Illuminate/Container/BoundMethod.php(36): Database\\Seeders\\ProjectSeeder->run()
#17 /home/runner/work/Clone-Project-Review/Clone-Project-Review/vendor/laravel/framework/src/Illuminate/Container/Util.php(43): Illuminate\\Container\\BoundMethod::Illuminate\\Container\\{closure}()
#18 /home/runner/work/Clone-Project-Review/Clone-Project-Review/vendor/laravel/framework/src/Illuminate/Container/BoundMethod.php(95): Illuminate\\Container\\Util::unwrapIfClosure()
#19 /home/runner/work/Clone-Project-Review/Clone-Project-Review/vendor/laravel/framework/src/Illuminate/Container/BoundMethod.php(35): Illuminate\\Container\\BoundMethod::callBoundMethod()
#20 /home/runner/work/Clone-Project-Review/Clone-Project-Review/vendor/laravel/framework/src/Illuminate/Container/Container.php(696): Illuminate\\Container\\BoundMethod::call()
#21 /home/runner/work/Clone-Project-Review/Clone-Project-Review/vendor/laravel/framework/src/Illuminate/Database/Seeder.php(188): Illuminate\\Container\\Container->call()
#22 /home/runner/work/Clone-Project-Review/Clone-Project-Review/vendor/laravel/framework/src/Illuminate/Database/Seeder.php(197): Illuminate\\Database\\Seeder->Illuminate\\Database\\{closure}()
#23 /home/runner/work/Clone-Project-Review/Clone-Project-Review/vendor/laravel/framework/src/Illuminate/Database/Console/Seeds/SeedCommand.php(70): Illuminate\\Database\\Seeder->__invoke()
#24 /home/runner/work/Clone-Project-Review/Clone-Project-Review/vendor/laravel/framework/src/Illuminate/Database/Eloquent/Concerns/GuardsAttributes.php(155): Illuminate\\Database\\Console\\Seeds\\SeedCommand->Illuminate\\Database\\Console\\Seeds\\{closure}()
#25 /home/runner/work/Clone-Project-Review/Clone-Project-Review/vendor/laravel/framework/src/Illuminate/Database/Console/Seeds/SeedCommand.php(69): Illuminate\\Database\\Eloquent\\Model::unguarded()
#26 /home/runner/work/Clone-Project-Review/Clone-Project-Review/vendor/laravel/framework/src/Illuminate/Container/BoundMethod.php(36): Illuminate\\Database\\Console\\Seeds\\SeedCommand->handle()
#27 /home/runner/work/Clone-Project-Review/Clone-Project-Review/vendor/laravel/framework/src/Illuminate/Container/Util.php(43): Illuminate\\Container\\BoundMethod::Illuminate\\Container\\{closure}()
#28 /home/runner/work/Clone-Project-Review/Clone-Project-Review/vendor/laravel/framework/src/Illuminate/Container/BoundMethod.php(95): Illuminate\\Container\\Util::unwrapIfClosure()
#29 /home/runner/work/Clone-Project-Review/Clone-Project-Review/vendor/laravel/framework/src/Illuminate/Container/BoundMethod.php(35): Illuminate\\Container\\BoundMethod::callBoundMethod()
#30 /home/runner/work/Clone-Project-Review/Clone-Project-Review/vendor/laravel/framework/src/Illuminate/Container/Container.php(696): Illuminate\\Container\\BoundMethod::call()
#31 /home/runner/work/Clone-Project-Review/Clone-Project-Review/vendor/laravel/framework/src/Illuminate/Console/Command.php(213): Illuminate\\Container\\Container->call()
#32 /home/runner/work/Clone-Project-Review/Clone-Project-Review/vendor/symfony/console/Command/Command.php(318): Illuminate\\Console\\Command->execute()
#33 /home/runner/work/Clone-Project-Review/Clone-Project-Review/vendor/laravel/framework/src/Illuminate/Console/Command.php(182): Symfony\\Component\\Console\\Command\\Command->run()
#34 /home/runner/work/Clone-Project-Review/Clone-Project-Review/vendor/symfony/console/Application.php(1092): Illuminate\\Console\\Command->run()
#35 /home/runner/work/Clone-Project-Review/Clone-Project-Review/vendor/symfony/console/Application.php(341): Symfony\\Component\\Console\\Application->doRunCommand()
#36 /home/runner/work/Clone-Project-Review/Clone-Project-Review/vendor/symfony/console/Application.php(192): Symfony\\Component\\Console\\Application->doRun()
#37 /home/runner/work/Clone-Project-Review/Clone-Project-Review/vendor/laravel/framework/src/Illuminate/Foundation/Console/Kernel.php(198): Symfony\\Component\\Console\\Application->run()
#38 /home/runner/work/Clone-Project-Review/Clone-Project-Review/vendor/laravel/framework/src/Illuminate/Foundation/Application.php(1235): Illuminate\\Foundation\\Console\\Kernel->handle()
#39 /home/runner/work/Clone-Project-Review/Clone-Project-Review/artisan(13): Illuminate\\Foundation\\Application->handleCommand()
#40 {main}

[previous exception] [object] (PDOException(code: HY000): SQLSTATE[HY000]: General error: 1 table projects has no column named deskripsi at /home/runner/work/Clone-Project-Review/Clone-Project-Review/vendor/laravel/framework/src/Illuminate/Database/Connection.php:565)
[stacktrace]
#0 /home/runner/work/Clone-Project-Review/Clone-Project-Review/vendor/laravel/framework/src/Illuminate/Database/Connection.php(565): PDO->prepare()
#1 /home/runner/work/Clone-Project-Review/Clone-Project-Review/vendor/laravel/framework/src/Illuminate/Database/Connection.php(812): Illuminate\\Database\\Connection->Illuminate\\Database\\{closure}()
#2 /home/runner/work/Clone-Project-Review/Clone-Project-Review/vendor/laravel/framework/src/Illuminate/Database/Connection.php(779): Illuminate\\Database\\Connection->runQueryCallback()
#3 /home/runner/work/Clone-Project-Review/Clone-Project-Review/vendor/laravel/framework/src/Illuminate/Database/Connection.php(560): Illuminate\\Database\\Connection->run()
#4 /home/runner/work/Clone-Project-Review/Clone-Project-Review/vendor/laravel/framework/src/Illuminate/Database/Connection.php(524): Illuminate\\Database\\Connection->statement()
#5 /home/runner/work/Clone-Project-Review/Clone-Project-Review/vendor/laravel/framework/src/Illuminate/Database/Query/Processors/Processor.php(32): Illuminate\\Database\\Connection->insert()
#6 /home/runner/work/Clone-Project-Review/Clone-Project-Review/vendor/laravel/framework/src/Illuminate/Database/Query/Builder.php(3766): Illuminate\\Database\\Query\\Processors\\Processor->processInsertGetId()
#7 /home/runner/work/Clone-Project-Review/Clone-Project-Review/vendor/laravel/framework/src/Illuminate/Database/Eloquent/Builder.php(2120): Illuminate\\Database\\Query\\Builder->insertGetId()
#8 /home/runner/work/Clone-Project-Review/Clone-Project-Review/vendor/laravel/framework/src/Illuminate/Database/Eloquent/Model.php(1359): Illuminate\\Database\\Eloquent\\Builder->__call()
#9 /home/runner/work/Clone-Project-Review/Clone-Project-Review/vendor/laravel/framework/src/Illuminate/Database/Eloquent/Model.php(1324): Illuminate\\Database\\Eloquent\\Model->insertAndSetId()
#10 /home/runner/work/Clone-Project-Review/Clone-Project-Review/vendor/laravel/framework/src/Illuminate/Database/Eloquent/Model.php(1163): Illuminate\\Database\\Eloquent\\Model->performInsert()
#11 /home/runner/work/Clone-Project-Review/Clone-Project-Review/vendor/laravel/framework/src/Illuminate/Database/Eloquent/Builder.php(1128): Illuminate\\Database\\Eloquent\\Model->save()
#12 /home/runner/work/Clone-Project-Review/Clone-Project-Review/vendor/laravel/framework/src/Illuminate/Support/helpers.php(399): Illuminate\\Database\\Eloquent\\Builder->Illuminate\\Database\\Eloquent\\{closure}()
#13 /home/runner/work/Clone-Project-Review/Clone-Project-Review/vendor/laravel/framework/src/Illuminate/Database/Eloquent/Builder.php(1127): tap()
#14 /home/runner/work/Clone-Project-Review/Clone-Project-Review/vendor/laravel/framework/src/Illuminate/Support/Traits/ForwardsCalls.php(23): Illuminate\\Database\\Eloquent\\Builder->create()
#15 /home/runner/work/Clone-Project-Review/Clone-Project-Review/vendor/laravel/framework/src/Illuminate/Database/Eloquent/Model.php(2372): Illuminate\\Database\\Eloquent\\Model->forwardCallTo()
#16 /home/runner/work/Clone-Project-Review/Clone-Project-Review/vendor/laravel/framework/src/Illuminate/Database/Eloquent/Model.php(2384): Illuminate\\Database\\Eloquent\\Model->__call()
#17 /home/runner/work/Clone-Project-Review/Clone-Project-Review/database/seeders/ProjectSeeder.php(50): Illuminate\\Database\\Eloquent\\Model::__callStatic()
#18 /home/runner/work/Clone-Project-Review/Clone-Project-Review/vendor/laravel/framework/src/Illuminate/Container/BoundMethod.php(36): Database\\Seeders\\ProjectSeeder->run()
#19 /home/runner/work/Clone-Project-Review/Clone-Project-Review/vendor/laravel/framework/src/Illuminate/Container/Util.php(43): Illuminate\\Container\\BoundMethod::Illuminate\\Container\\{closure}()
#20 /home/runner/work/Clone-Project-Review/Clone-Project-Review/vendor/laravel/framework/src/Illuminate/Container/BoundMethod.php(95): Illuminate\\Container\\Util::unwrapIfClosure()
#21 /home/runner/work/Clone-Project-Review/Clone-Project-Review/vendor/laravel/framework/src/Illuminate/Container/BoundMethod.php(35): Illuminate\\Container\\BoundMethod::callBoundMethod()
#22 /home/runner/work/Clone-Project-Review/Clone-Project-Review/vendor/laravel/framework/src/Illuminate/Container/Container.php(696): Illuminate\\Container\\BoundMethod::call()
#23 /home/runner/work/Clone-Project-Review/Clone-Project-Review/vendor/laravel/framework/src/Illuminate/Database/Seeder.php(188): Illuminate\\Container\\Container->call()
#24 /home/runner/work/Clone-Project-Review/Clone-Project-Review/vendor/laravel/framework/src/Illuminate/Database/Seeder.php(197): Illuminate\\Database\\Seeder->Illuminate\\Database\\{closure}()
#25 /home/runner/work/Clone-Project-Review/Clone-Project-Review/vendor/laravel/framework/src/Illuminate/Database/Console/Seeds/SeedCommand.php(70): Illuminate\\Database\\Seeder->__invoke()
#26 /home/runner/work/Clone-Project-Review/Clone-Project-Review/vendor/laravel/framework/src/Illuminate/Database/Eloquent/Concerns/GuardsAttributes.php(155): Illuminate\\Database\\Console\\Seeds\\SeedCommand->Illuminate\\Database\\Console\\Seeds\\{closure}()
#27 /home/runner/work/Clone-Project-Review/Clone-Project-Review/vendor/laravel/framework/src/Illuminate/Database/Console/Seeds/SeedCommand.php(69): Illuminate\\Database\\Eloquent\\Model::unguarded()
#28 /home/runner/work/Clone-Project-Review/Clone-Project-Review/vendor/laravel/framework/src/Illuminate/Container/BoundMethod.php(36): Illuminate\\Database\\Console\\Seeds\\SeedCommand->handle()
#29 /home/runner/work/Clone-Project-Review/Clone-Project-Review/vendor/laravel/framework/src/Illuminate/Container/Util.php(43): Illuminate\\Container\\BoundMethod::Illuminate\\Container\\{closure}()
#30 /home/runner/work/Clone-Project-Review/Clone-Project-Review/vendor/laravel/framework/src/Illuminate/Container/BoundMethod.php(95): Illuminate\\Container\\Util::unwrapIfClosure()
#31 /home/runner/work/Clone-Project-Review/Clone-Project-Review/vendor/laravel/framework/src/Illuminate/Container/BoundMethod.php(35): Illuminate\\Container\\BoundMethod::callBoundMethod()
#32 /home/runner/work/Clone-Project-Review/Clone-Project-Review/vendor/laravel/framework/src/Illuminate/Container/Container.php(696): Illuminate\\Container\\BoundMethod::call()
#33 /home/runner/work/Clone-Project-Review/Clone-Project-Review/vendor/laravel/framework/src/Illuminate/Console/Command.php(213): Illuminate\\Container\\Container->call()
#34 /home/runner/work/Clone-Project-Review/Clone-Project-Review/vendor/symfony/console/Command/Command.php(318): Illuminate\\Console\\Command->execute()
#35 /home/runner/work/Clone-Project-Review/Clone-Project-Review/vendor/laravel/framework/src/Illuminate/Console/Command.php(182): Symfony\\Component\\Console\\Command\\Command->run()
#36 /home/runner/work/Clone-Project-Review/Clone-Project-Review/vendor/symfony/console/Application.php(1092): Illuminate\\Console\\Command->run()
#37 /home/runner/work/Clone-Project-Review/Clone-Project-Review/vendor/symfony/console/Application.php(341): Symfony\\Component\\Console\\Application->doRunCommand()
#38 /home/runner/work/Clone-Project-Review/Clone-Project-Review/vendor/symfony/console/Application.php(192): Symfony\\Component\\Console\\Application->doRun()
#39 /home/runner/work/Clone-Project-Review/Clone-Project-Review/vendor/laravel/framework/src/Illuminate/Foundation/Console/Kernel.php(198): Symfony\\Component\\Console\\Application->run()
#40 /home/runner/work/Clone-Project-Review/Clone-Project-Review/vendor/laravel/framework/src/Illuminate/Foundation/Application.php(1235): Illuminate\\Foundation\\Console\\Kernel->handle()
#41 /home/runner/work/Clone-Project-Review/Clone-Project-Review/artisan(13): Illuminate\\Foundation\\Application->handleCommand()
#42 {main}
"} 
[2025-08-14 06:49:30] local.ERROR: SQLSTATE[23000]: Integrity constraint violation: 19 NOT NULL constraint failed: project_personels.nama (Connection: sqlite, SQL: insert into "project_personels" ("project_id", "user_id", "role", "updated_at", "created_at") values (1, 2, Project Manager, 2025-08-14 06:49:30, 2025-08-14 06:49:30)) {"exception":"[object] (Illuminate\\Database\\QueryException(code: 23000): SQLSTATE[23000]: Integrity constraint violation: 19 NOT NULL constraint failed: project_personels.nama (Connection: sqlite, SQL: insert into \"project_personels\" (\"project_id\", \"user_id\", \"role\", \"updated_at\", \"created_at\") values (1, 2, Project Manager, 2025-08-14 06:49:30, 2025-08-14 06:49:30)) at /home/runner/work/Clone-Project-Review/Clone-Project-Review/vendor/laravel/framework/src/Illuminate/Database/Connection.php:825)
[stacktrace]
#0 /home/runner/work/Clone-Project-Review/Clone-Project-Review/vendor/laravel/framework/src/Illuminate/Database/Connection.php(779): Illuminate\\Database\\Connection->runQueryCallback()
#1 /home/runner/work/Clone-Project-Review/Clone-Project-Review/vendor/laravel/framework/src/Illuminate/Database/Connection.php(560): Illuminate\\Database\\Connection->run()
#2 /home/runner/work/Clone-Project-Review/Clone-Project-Review/vendor/laravel/framework/src/Illuminate/Database/Connection.php(524): Illuminate\\Database\\Connection->statement()
#3 /home/runner/work/Clone-Project-Review/Clone-Project-Review/vendor/laravel/framework/src/Illuminate/Database/Query/Processors/Processor.php(32): Illuminate\\Database\\Connection->insert()
#4 /home/runner/work/Clone-Project-Review/Clone-Project-Review/vendor/laravel/framework/src/Illuminate/Database/Query/Builder.php(3766): Illuminate\\Database\\Query\\Processors\\Processor->processInsertGetId()
#5 /home/runner/work/Clone-Project-Review/Clone-Project-Review/vendor/laravel/framework/src/Illuminate/Database/Eloquent/Builder.php(2120): Illuminate\\Database\\Query\\Builder->insertGetId()
#6 /home/runner/work/Clone-Project-Review/Clone-Project-Review/vendor/laravel/framework/src/Illuminate/Database/Eloquent/Model.php(1359): Illuminate\\Database\\Eloquent\\Builder->__call()
#7 /home/runner/work/Clone-Project-Review/Clone-Project-Review/vendor/laravel/framework/src/Illuminate/Database/Eloquent/Model.php(1324): Illuminate\\Database\\Eloquent\\Model->insertAndSetId()
#8 /home/runner/work/Clone-Project-Review/Clone-Project-Review/vendor/laravel/framework/src/Illuminate/Database/Eloquent/Model.php(1163): Illuminate\\Database\\Eloquent\\Model->performInsert()
#9 /home/runner/work/Clone-Project-Review/Clone-Project-Review/vendor/laravel/framework/src/Illuminate/Database/Eloquent/Builder.php(1128): Illuminate\\Database\\Eloquent\\Model->save()
#10 /home/runner/work/Clone-Project-Review/Clone-Project-Review/vendor/laravel/framework/src/Illuminate/Support/helpers.php(399): Illuminate\\Database\\Eloquent\\Builder->Illuminate\\Database\\Eloquent\\{closure}()
#11 /home/runner/work/Clone-Project-Review/Clone-Project-Review/vendor/laravel/framework/src/Illuminate/Database/Eloquent/Builder.php(1127): tap()
#12 /home/runner/work/Clone-Project-Review/Clone-Project-Review/vendor/laravel/framework/src/Illuminate/Support/Traits/ForwardsCalls.php(23): Illuminate\\Database\\Eloquent\\Builder->create()
#13 /home/runner/work/Clone-Project-Review/Clone-Project-Review/vendor/laravel/framework/src/Illuminate/Database/Eloquent/Model.php(2372): Illuminate\\Database\\Eloquent\\Model->forwardCallTo()
#14 /home/runner/work/Clone-Project-Review/Clone-Project-Review/vendor/laravel/framework/src/Illuminate/Database/Eloquent/Model.php(2384): Illuminate\\Database\\Eloquent\\Model->__call()
#15 /home/runner/work/Clone-Project-Review/Clone-Project-Review/database/seeders/ProjectSeeder.php(49): Illuminate\\Database\\Eloquent\\Model::__callStatic()
#16 /home/runner/work/Clone-Project-Review/Clone-Project-Review/vendor/laravel/framework/src/Illuminate/Container/BoundMethod.php(36): Database\\Seeders\\ProjectSeeder->run()
#17 /home/runner/work/Clone-Project-Review/Clone-Project-Review/vendor/laravel/framework/src/Illuminate/Container/Util.php(43): Illuminate\\Container\\BoundMethod::Illuminate\\Container\\{closure}()
#18 /home/runner/work/Clone-Project-Review/Clone-Project-Review/vendor/laravel/framework/src/Illuminate/Container/BoundMethod.php(95): Illuminate\\Container\\Util::unwrapIfClosure()
#19 /home/runner/work/Clone-Project-Review/Clone-Project-Review/vendor/laravel/framework/src/Illuminate/Container/BoundMethod.php(35): Illuminate\\Container\\BoundMethod::callBoundMethod()
#20 /home/runner/work/Clone-Project-Review/Clone-Project-Review/vendor/laravel/framework/src/Illuminate/Container/Container.php(696): Illuminate\\Container\\BoundMethod::call()
#21 /home/runner/work/Clone-Project-Review/Clone-Project-Review/vendor/laravel/framework/src/Illuminate/Database/Seeder.php(188): Illuminate\\Container\\Container->call()
#22 /home/runner/work/Clone-Project-Review/Clone-Project-Review/vendor/laravel/framework/src/Illuminate/Database/Seeder.php(197): Illuminate\\Database\\Seeder->Illuminate\\Database\\{closure}()
#23 /home/runner/work/Clone-Project-Review/Clone-Project-Review/vendor/laravel/framework/src/Illuminate/Database/Console/Seeds/SeedCommand.php(70): Illuminate\\Database\\Seeder->__invoke()
#24 /home/runner/work/Clone-Project-Review/Clone-Project-Review/vendor/laravel/framework/src/Illuminate/Database/Eloquent/Concerns/GuardsAttributes.php(155): Illuminate\\Database\\Console\\Seeds\\SeedCommand->Illuminate\\Database\\Console\\Seeds\\{closure}()
#25 /home/runner/work/Clone-Project-Review/Clone-Project-Review/vendor/laravel/framework/src/Illuminate/Database/Console/Seeds/SeedCommand.php(69): Illuminate\\Database\\Eloquent\\Model::unguarded()
#26 /home/runner/work/Clone-Project-Review/Clone-Project-Review/vendor/laravel/framework/src/Illuminate/Container/BoundMethod.php(36): Illuminate\\Database\\Console\\Seeds\\SeedCommand->handle()
#27 /home/runner/work/Clone-Project-Review/Clone-Project-Review/vendor/laravel/framework/src/Illuminate/Container/Util.php(43): Illuminate\\Container\\BoundMethod::Illuminate\\Container\\{closure}()
#28 /home/runner/work/Clone-Project-Review/Clone-Project-Review/vendor/laravel/framework/src/Illuminate/Container/BoundMethod.php(95): Illuminate\\Container\\Util::unwrapIfClosure()
#29 /home/runner/work/Clone-Project-Review/Clone-Project-Review/vendor/laravel/framework/src/Illuminate/Container/BoundMethod.php(35): Illuminate\\Container\\BoundMethod::callBoundMethod()
#30 /home/runner/work/Clone-Project-Review/Clone-Project-Review/vendor/laravel/framework/src/Illuminate/Container/Container.php(696): Illuminate\\Container\\BoundMethod::call()
#31 /home/runner/work/Clone-Project-Review/Clone-Project-Review/vendor/laravel/framework/src/Illuminate/Console/Command.php(213): Illuminate\\Container\\Container->call()
#32 /home/runner/work/Clone-Project-Review/Clone-Project-Review/vendor/symfony/console/Command/Command.php(318): Illuminate\\Console\\Command->execute()
#33 /home/runner/work/Clone-Project-Review/Clone-Project-Review/vendor/laravel/framework/src/Illuminate/Console/Command.php(182): Symfony\\Component\\Console\\Command\\Command->run()
#34 /home/runner/work/Clone-Project-Review/Clone-Project-Review/vendor/symfony/console/Application.php(1092): Illuminate\\Console\\Command->run()
#35 /home/runner/work/Clone-Project-Review/Clone-Project-Review/vendor/symfony/console/Application.php(341): Symfony\\Component\\Console\\Application->doRunCommand()
#36 /home/runner/work/Clone-Project-Review/Clone-Project-Review/vendor/symfony/console/Application.php(192): Symfony\\Component\\Console\\Application->doRun()
#37 /home/runner/work/Clone-Project-Review/Clone-Project-Review/vendor/laravel/framework/src/Illuminate/Foundation/Console/Kernel.php(198): Symfony\\Component\\Console\\Application->run()
#38 /home/runner/work/Clone-Project-Review/Clone-Project-Review/vendor/laravel/framework/src/Illuminate/Foundation/Application.php(1235): Illuminate\\Foundation\\Console\\Kernel->handle()
#39 /home/runner/work/Clone-Project-Review/Clone-Project-Review/artisan(13): Illuminate\\Foundation\\Application->handleCommand()
#40 {main}

[previous exception] [object] (PDOException(code: 23000): SQLSTATE[23000]: Integrity constraint violation: 19 NOT NULL constraint failed: project_personels.nama at /home/runner/work/Clone-Project-Review/Clone-Project-Review/vendor/laravel/framework/src/Illuminate/Database/Connection.php:571)
[stacktrace]
#0 /home/runner/work/Clone-Project-Review/Clone-Project-Review/vendor/laravel/framework/src/Illuminate/Database/Connection.php(571): PDOStatement->execute()
#1 /home/runner/work/Clone-Project-Review/Clone-Project-Review/vendor/laravel/framework/src/Illuminate/Database/Connection.php(812): Illuminate\\Database\\Connection->Illuminate\\Database\\{closure}()
#2 /home/runner/work/Clone-Project-Review/Clone-Project-Review/vendor/laravel/framework/src/Illuminate/Database/Connection.php(779): Illuminate\\Database\\Connection->runQueryCallback()
#3 /home/runner/work/Clone-Project-Review/Clone-Project-Review/vendor/laravel/framework/src/Illuminate/Database/Connection.php(560): Illuminate\\Database\\Connection->run()
#4 /home/runner/work/Clone-Project-Review/Clone-Project-Review/vendor/laravel/framework/src/Illuminate/Database/Connection.php(524): Illuminate\\Database\\Connection->statement()
#5 /home/runner/work/Clone-Project-Review/Clone-Project-Review/vendor/laravel/framework/src/Illuminate/Database/Query/Processors/Processor.php(32): Illuminate\\Database\\Connection->insert()
#6 /home/runner/work/Clone-Project-Review/Clone-Project-Review/vendor/laravel/framework/src/Illuminate/Database/Query/Builder.php(3766): Illuminate\\Database\\Query\\Processors\\Processor->processInsertGetId()
#7 /home/runner/work/Clone-Project-Review/Clone-Project-Review/vendor/laravel/framework/src/Illuminate/Database/Eloquent/Builder.php(2120): Illuminate\\Database\\Query\\Builder->insertGetId()
#8 /home/runner/work/Clone-Project-Review/Clone-Project-Review/vendor/laravel/framework/src/Illuminate/Database/Eloquent/Model.php(1359): Illuminate\\Database\\Eloquent\\Builder->__call()
#9 /home/runner/work/Clone-Project-Review/Clone-Project-Review/vendor/laravel/framework/src/Illuminate/Database/Eloquent/Model.php(1324): Illuminate\\Database\\Eloquent\\Model->insertAndSetId()
#10 /home/runner/work/Clone-Project-Review/Clone-Project-Review/vendor/laravel/framework/src/Illuminate/Database/Eloquent/Model.php(1163): Illuminate\\Database\\Eloquent\\Model->performInsert()
#11 /home/runner/work/Clone-Project-Review/Clone-Project-Review/vendor/laravel/framework/src/Illuminate/Database/Eloquent/Builder.php(1128): Illuminate\\Database\\Eloquent\\Model->save()
#12 /home/runner/work/Clone-Project-Review/Clone-Project-Review/vendor/laravel/framework/src/Illuminate/Support/helpers.php(399): Illuminate\\Database\\Eloquent\\Builder->Illuminate\\Database\\Eloquent\\{closure}()
#13 /home/runner/work/Clone-Project-Review/Clone-Project-Review/vendor/laravel/framework/src/Illuminate/Database/Eloquent/Builder.php(1127): tap()
#14 /home/runner/work/Clone-Project-Review/Clone-Project-Review/vendor/laravel/framework/src/Illuminate/Support/Traits/ForwardsCalls.php(23): Illuminate\\Database\\Eloquent\\Builder->create()
#15 /home/runner/work/Clone-Project-Review/Clone-Project-Review/vendor/laravel/framework/src/Illuminate/Database/Eloquent/Model.php(2372): Illuminate\\Database\\Eloquent\\Model->forwardCallTo()
#16 /home/runner/work/Clone-Project-Review/Clone-Project-Review/vendor/laravel/framework/src/Illuminate/Database/Eloquent/Model.php(2384): Illuminate\\Database\\Eloquent\\Model->__call()
#17 /home/runner/work/Clone-Project-Review/Clone-Project-Review/database/seeders/ProjectSeeder.php(49): Illuminate\\Database\\Eloquent\\Model::__callStatic()
#18 /home/runner/work/Clone-Project-Review/Clone-Project-Review/vendor/laravel/framework/src/Illuminate/Container/BoundMethod.php(36): Database\\Seeders\\ProjectSeeder->run()
#19 /home/runner/work/Clone-Project-Review/Clone-Project-Review/vendor/laravel/framework/src/Illuminate/Container/Util.php(43): Illuminate\\Container\\BoundMethod::Illuminate\\Container\\{closure}()
#20 /home/runner/work/Clone-Project-Review/Clone-Project-Review/vendor/laravel/framework/src/Illuminate/Container/BoundMethod.php(95): Illuminate\\Container\\Util::unwrapIfClosure()
#21 /home/runner/work/Clone-Project-Review/Clone-Project-Review/vendor/laravel/framework/src/Illuminate/Container/BoundMethod.php(35): Illuminate\\Container\\BoundMethod::callBoundMethod()
#22 /home/runner/work/Clone-Project-Review/Clone-Project-Review/vendor/laravel/framework/src/Illuminate/Container/Container.php(696): Illuminate\\Container\\BoundMethod::call()
#23 /home/runner/work/Clone-Project-Review/Clone-Project-Review/vendor/laravel/framework/src/Illuminate/Database/Seeder.php(188): Illuminate\\Container\\Container->call()
#24 /home/runner/work/Clone-Project-Review/Clone-Project-Review/vendor/laravel/framework/src/Illuminate/Database/Seeder.php(197): Illuminate\\Database\\Seeder->Illuminate\\Database\\{closure}()
#25 /home/runner/work/Clone-Project-Review/Clone-Project-Review/vendor/laravel/framework/src/Illuminate/Database/Console/Seeds/SeedCommand.php(70): Illuminate\\Database\\Seeder->__invoke()
#26 /home/runner/work/Clone-Project-Review/Clone-Project-Review/vendor/laravel/framework/src/Illuminate/Database/Eloquent/Concerns/GuardsAttributes.php(155): Illuminate\\Database\\Console\\Seeds\\SeedCommand->Illuminate\\Database\\Console\\Seeds\\{closure}()
#27 /home/runner/work/Clone-Project-Review/Clone-Project-Review/vendor/laravel/framework/src/Illuminate/Database/Console/Seeds/SeedCommand.php(69): Illuminate\\Database\\Eloquent\\Model::unguarded()
#28 /home/runner/work/Clone-Project-Review/Clone-Project-Review/vendor/laravel/framework/src/Illuminate/Container/BoundMethod.php(36): Illuminate\\Database\\Console\\Seeds\\SeedCommand->handle()
#29 /home/runner/work/Clone-Project-Review/Clone-Project-Review/vendor/laravel/framework/src/Illuminate/Container/Util.php(43): Illuminate\\Container\\BoundMethod::Illuminate\\Container\\{closure}()
#30 /home/runner/work/Clone-Project-Review/Clone-Project-Review/vendor/laravel/framework/src/Illuminate/Container/BoundMethod.php(95): Illuminate\\Container\\Util::unwrapIfClosure()
#31 /home/runner/work/Clone-Project-Review/Clone-Project-Review/vendor/laravel/framework/src/Illuminate/Container/BoundMethod.php(35): Illuminate\\Container\\BoundMethod::callBoundMethod()
#32 /home/runner/work/Clone-Project-Review/Clone-Project-Review/vendor/laravel/framework/src/Illuminate/Container/Container.php(696): Illuminate\\Container\\BoundMethod::call()
#33 /home/runner/work/Clone-Project-Review/Clone-Project-Review/vendor/laravel/framework/src/Illuminate/Console/Command.php(213): Illuminate\\Container\\Container->call()
#34 /home/runner/work/Clone-Project-Review/Clone-Project-Review/vendor/symfony/console/Command/Command.php(318): Illuminate\\Console\\Command->execute()
#35 /home/runner/work/Clone-Project-Review/Clone-Project-Review/vendor/laravel/framework/src/Illuminate/Console/Command.php(182): Symfony\\Component\\Console\\Command\\Command->run()
#36 /home/runner/work/Clone-Project-Review/Clone-Project-Review/vendor/symfony/console/Application.php(1092): Illuminate\\Console\\Command->run()
#37 /home/runner/work/Clone-Project-Review/Clone-Project-Review/vendor/symfony/console/Application.php(341): Symfony\\Component\\Console\\Application->doRunCommand()
#38 /home/runner/work/Clone-Project-Review/Clone-Project-Review/vendor/symfony/console/Application.php(192): Symfony\\Component\\Console\\Application->doRun()
#39 /home/runner/work/Clone-Project-Review/Clone-Project-Review/vendor/laravel/framework/src/Illuminate/Foundation/Console/Kernel.php(198): Symfony\\Component\\Console\\Application->run()
#40 /home/runner/work/Clone-Project-Review/Clone-Project-Review/vendor/laravel/framework/src/Illuminate/Foundation/Application.php(1235): Illuminate\\Foundation\\Console\\Kernel->handle()
#41 /home/runner/work/Clone-Project-Review/Clone-Project-Review/artisan(13): Illuminate\\Foundation\\Application->handleCommand()
#42 {main}
"} 
